Determining if the pthread_create exist failed with the following output:
Change Dir: /home/user/catkin_ws/build/kobuki_msgs/CMakeFiles/CMakeTmp

Run Build Command:"/usr/bin/make" "cmTC_75dac/fast"
/usr/bin/make -f CMakeFiles/cmTC_75dac.dir/build.make CMakeFiles/cmTC_75dac.dir/build
make[1]: Entering directory '/home/user/catkin_ws/build/kobuki_msgs/CMakeFiles/CMakeTmp'
Building C object CMakeFiles/cmTC_75dac.dir/CheckSymbolExists.c.o
/usr/bin/cc     -o CMakeFiles/cmTC_75dac.dir/CheckSymbolExists.c.o   -c /home/user/catkin_ws/build/kobuki_msgs/CMakeFiles/CMakeTmp/CheckSymbolExists.c
Linking C executable cmTC_75dac
/usr/bin/cmake -E cmake_link_script CMakeFiles/cmTC_75dac.dir/link.txt --verbose=1
/usr/bin/cc       CMakeFiles/cmTC_75dac.dir/CheckSymbolExists.c.o  -o cmTC_75dac -rdynamic 
CMakeFiles/cmTC_75dac.dir/CheckSymbolExists.c.o: In function `main':
CheckSymbolExists.c:(.text+0x16): undefined reference to `pthread_create'
collect2: error: ld returned 1 exit status
CMakeFiles/cmTC_75dac.dir/build.make:97: recipe for target 'cmTC_75dac' failed
make[1]: *** [cmTC_75dac] Error 1
make[1]: Leaving directory '/home/user/catkin_ws/build/kobuki_msgs/CMakeFiles/CMakeTmp'
Makefile:126: recipe for target 'cmTC_75dac/fast' failed
make: *** [cmTC_75dac/fast] Error 2

File /home/user/catkin_ws/build/kobuki_msgs/CMakeFiles/CMakeTmp/CheckSymbolExists.c:
/* */
#include <pthread.h>

int main(int argc, char** argv)
{
  (void)argv;
#ifndef pthread_create
  return ((int*)(&pthread_create))[argc];
#else
  (void)argc;
  return 0;
#endif
}

Determining if the function pthread_create exists in the pthreads failed with the following output:
Change Dir: /home/user/catkin_ws/build/kobuki_msgs/CMakeFiles/CMakeTmp

Run Build Command:"/usr/bin/make" "cmTC_e576c/fast"
/usr/bin/make -f CMakeFiles/cmTC_e576c.dir/build.make CMakeFiles/cmTC_e576c.dir/build
make[1]: Entering directory '/home/user/catkin_ws/build/kobuki_msgs/CMakeFiles/CMakeTmp'
Building C object CMakeFiles/cmTC_e576c.dir/CheckFunctionExists.c.o
/usr/bin/cc    -DCHECK_FUNCTION_EXISTS=pthread_create   -o CMakeFiles/cmTC_e576c.dir/CheckFunctionExists.c.o   -c /usr/share/cmake-3.5/Modules/CheckFunctionExists.c
Linking C executable cmTC_e576c
/usr/bin/cmake -E cmake_link_script CMakeFiles/cmTC_e576c.dir/link.txt --verbose=1
/usr/bin/cc   -DCHECK_FUNCTION_EXISTS=pthread_create    CMakeFiles/cmTC_e576c.dir/CheckFunctionExists.c.o  -o cmTC_e576c -rdynamic -lpthreads 
/usr/bin/ld: cannot find -lpthreads
collect2: error: ld returned 1 exit status
CMakeFiles/cmTC_e576c.dir/build.make:97: recipe for target 'cmTC_e576c' failed
make[1]: *** [cmTC_e576c] Error 1
make[1]: Leaving directory '/home/user/catkin_ws/build/kobuki_msgs/CMakeFiles/CMakeTmp'
Makefile:126: recipe for target 'cmTC_e576c/fast' failed
make: *** [cmTC_e576c/fast] Error 2


