Determining if the pthread_create exist failed with the following output:
Change Dir: /home/user/catkin_ws/build/tb_gazebo_description/CMakeFiles/CMakeTmp

Run Build Command:"/usr/bin/make" "cmTC_56ab5/fast"
/usr/bin/make -f CMakeFiles/cmTC_56ab5.dir/build.make CMakeFiles/cmTC_56ab5.dir/build
make[1]: Entering directory '/home/user/catkin_ws/build/tb_gazebo_description/CMakeFiles/CMakeTmp'
Building C object CMakeFiles/cmTC_56ab5.dir/CheckSymbolExists.c.o
/usr/bin/cc     -o CMakeFiles/cmTC_56ab5.dir/CheckSymbolExists.c.o   -c /home/user/catkin_ws/build/tb_gazebo_description/CMakeFiles/CMakeTmp/CheckSymbolExists.c
Linking C executable cmTC_56ab5
/usr/bin/cmake -E cmake_link_script CMakeFiles/cmTC_56ab5.dir/link.txt --verbose=1
/usr/bin/cc       CMakeFiles/cmTC_56ab5.dir/CheckSymbolExists.c.o  -o cmTC_56ab5 -rdynamic 
CMakeFiles/cmTC_56ab5.dir/CheckSymbolExists.c.o: In function `main':
CheckSymbolExists.c:(.text+0x16): undefined reference to `pthread_create'
collect2: error: ld returned 1 exit status
CMakeFiles/cmTC_56ab5.dir/build.make:97: recipe for target 'cmTC_56ab5' failed
make[1]: *** [cmTC_56ab5] Error 1
make[1]: Leaving directory '/home/user/catkin_ws/build/tb_gazebo_description/CMakeFiles/CMakeTmp'
Makefile:126: recipe for target 'cmTC_56ab5/fast' failed
make: *** [cmTC_56ab5/fast] Error 2

File /home/user/catkin_ws/build/tb_gazebo_description/CMakeFiles/CMakeTmp/CheckSymbolExists.c:
/* */
#include <pthread.h>

int main(int argc, char** argv)
{
  (void)argv;
#ifndef pthread_create
  return ((int*)(&pthread_create))[argc];
#else
  (void)argc;
  return 0;
#endif
}

Determining if the function pthread_create exists in the pthreads failed with the following output:
Change Dir: /home/user/catkin_ws/build/tb_gazebo_description/CMakeFiles/CMakeTmp

Run Build Command:"/usr/bin/make" "cmTC_3d9bf/fast"
/usr/bin/make -f CMakeFiles/cmTC_3d9bf.dir/build.make CMakeFiles/cmTC_3d9bf.dir/build
make[1]: Entering directory '/home/user/catkin_ws/build/tb_gazebo_description/CMakeFiles/CMakeTmp'
Building C object CMakeFiles/cmTC_3d9bf.dir/CheckFunctionExists.c.o
/usr/bin/cc    -DCHECK_FUNCTION_EXISTS=pthread_create   -o CMakeFiles/cmTC_3d9bf.dir/CheckFunctionExists.c.o   -c /usr/share/cmake-3.5/Modules/CheckFunctionExists.c
Linking C executable cmTC_3d9bf
/usr/bin/cmake -E cmake_link_script CMakeFiles/cmTC_3d9bf.dir/link.txt --verbose=1
/usr/bin/cc   -DCHECK_FUNCTION_EXISTS=pthread_create    CMakeFiles/cmTC_3d9bf.dir/CheckFunctionExists.c.o  -o cmTC_3d9bf -rdynamic -lpthreads 
/usr/bin/ld: cannot find -lpthreads
collect2: error: ld returned 1 exit status
CMakeFiles/cmTC_3d9bf.dir/build.make:97: recipe for target 'cmTC_3d9bf' failed
make[1]: *** [cmTC_3d9bf] Error 1
make[1]: Leaving directory '/home/user/catkin_ws/build/tb_gazebo_description/CMakeFiles/CMakeTmp'
Makefile:126: recipe for target 'cmTC_3d9bf/fast' failed
make: *** [cmTC_3d9bf/fast] Error 2


