Determining if the pthread_create exist failed with the following output:
Change Dir: /home/user/catkin_ws/build/tb_gazebo_plugins/CMakeFiles/CMakeTmp

Run Build Command:"/usr/bin/make" "cmTC_2f803/fast"
/usr/bin/make -f CMakeFiles/cmTC_2f803.dir/build.make CMakeFiles/cmTC_2f803.dir/build
make[1]: Entering directory '/home/user/catkin_ws/build/tb_gazebo_plugins/CMakeFiles/CMakeTmp'
Building C object CMakeFiles/cmTC_2f803.dir/CheckSymbolExists.c.o
/usr/bin/cc     -o CMakeFiles/cmTC_2f803.dir/CheckSymbolExists.c.o   -c /home/user/catkin_ws/build/tb_gazebo_plugins/CMakeFiles/CMakeTmp/CheckSymbolExists.c
Linking C executable cmTC_2f803
/usr/bin/cmake -E cmake_link_script CMakeFiles/cmTC_2f803.dir/link.txt --verbose=1
/usr/bin/cc       CMakeFiles/cmTC_2f803.dir/CheckSymbolExists.c.o  -o cmTC_2f803 -rdynamic 
CMakeFiles/cmTC_2f803.dir/CheckSymbolExists.c.o: In function `main':
CheckSymbolExists.c:(.text+0x16): undefined reference to `pthread_create'
collect2: error: ld returned 1 exit status
CMakeFiles/cmTC_2f803.dir/build.make:97: recipe for target 'cmTC_2f803' failed
make[1]: *** [cmTC_2f803] Error 1
make[1]: Leaving directory '/home/user/catkin_ws/build/tb_gazebo_plugins/CMakeFiles/CMakeTmp'
Makefile:126: recipe for target 'cmTC_2f803/fast' failed
make: *** [cmTC_2f803/fast] Error 2

File /home/user/catkin_ws/build/tb_gazebo_plugins/CMakeFiles/CMakeTmp/CheckSymbolExists.c:
/* */
#include <pthread.h>

int main(int argc, char** argv)
{
  (void)argv;
#ifndef pthread_create
  return ((int*)(&pthread_create))[argc];
#else
  (void)argc;
  return 0;
#endif
}

Determining if the function pthread_create exists in the pthreads failed with the following output:
Change Dir: /home/user/catkin_ws/build/tb_gazebo_plugins/CMakeFiles/CMakeTmp

Run Build Command:"/usr/bin/make" "cmTC_1cea5/fast"
/usr/bin/make -f CMakeFiles/cmTC_1cea5.dir/build.make CMakeFiles/cmTC_1cea5.dir/build
make[1]: Entering directory '/home/user/catkin_ws/build/tb_gazebo_plugins/CMakeFiles/CMakeTmp'
Building C object CMakeFiles/cmTC_1cea5.dir/CheckFunctionExists.c.o
/usr/bin/cc    -DCHECK_FUNCTION_EXISTS=pthread_create   -o CMakeFiles/cmTC_1cea5.dir/CheckFunctionExists.c.o   -c /usr/share/cmake-3.5/Modules/CheckFunctionExists.c
Linking C executable cmTC_1cea5
/usr/bin/cmake -E cmake_link_script CMakeFiles/cmTC_1cea5.dir/link.txt --verbose=1
/usr/bin/cc   -DCHECK_FUNCTION_EXISTS=pthread_create    CMakeFiles/cmTC_1cea5.dir/CheckFunctionExists.c.o  -o cmTC_1cea5 -rdynamic -lpthreads 
/usr/bin/ld: cannot find -lpthreads
collect2: error: ld returned 1 exit status
CMakeFiles/cmTC_1cea5.dir/build.make:97: recipe for target 'cmTC_1cea5' failed
make[1]: *** [cmTC_1cea5] Error 1
make[1]: Leaving directory '/home/user/catkin_ws/build/tb_gazebo_plugins/CMakeFiles/CMakeTmp'
Makefile:126: recipe for target 'cmTC_1cea5/fast' failed
make: *** [cmTC_1cea5/fast] Error 2


